<?xml version="1.0" encoding="UTF-8"?>
<testng-results ignored="0" total="1" passed="1" failed="0" skipped="0">
  <reporter-output>
    <line>
      <![CDATA[abcd]]>
    </line>
  </reporter-output>
  <suite started-at="2022-09-09T17:05:41 IST" name="Suite" finished-at="2022-09-09T17:05:41 IST" duration-ms="65">
    <groups>
    </groups>
    <test started-at="2022-09-09T17:05:41 IST" name="Test" finished-at="2022-09-09T17:05:41 IST" duration-ms="65">
      <class name="PackageDemo.PracticeTest">
        <test-method signature="Demo()[pri:0, instance:PackageDemo.PracticeTest@273e7444]" started-at="2022-09-09T17:05:41 IST" name="Demo" finished-at="2022-09-09T17:05:41 IST" duration-ms="12" status="PASS">
          <reporter-output>
            <line>
              <![CDATA[abcd]]>
            </line>
          </reporter-output>
        </test-method> <!-- Demo -->
      </class> <!-- PackageDemo.PracticeTest -->
    </test> <!-- Test -->
  </suite> <!-- Suite -->
</testng-results>
